<?xml version="1.0" encoding="UTF-8"?>
<!-- Generated by org.testng.reporters.JUnitReportReporter -->
<testsuite skipped="0" hostname="DESKTOP-VGU5P9Q" name="demo.sample" tests="1" failures="0" timestamp="2021-03-25T20:30:00 IST" time="0.015" errors="0">
  <testcase name="test" time="0.015" classname="demo.sample"/>
  <system-out>
hii  </system-out>
</testsuite> <!-- demo.sample -->
